C:\USERS\ALEX\DESKTOP\DITU_ALEXANDRU_333_CA_TEMA1\DITU ALEXANDRU TEMA 1 EGC\LAB2\DEBUG\BULLET.OBJ
C:\USERS\ALEX\DESKTOP\DITU_ALEXANDRU_333_CA_TEMA1\DITU ALEXANDRU TEMA 1 EGC\LAB2\DEBUG\COLLISION.OBJ
C:\USERS\ALEX\DESKTOP\DITU_ALEXANDRU_333_CA_TEMA1\DITU ALEXANDRU TEMA 1 EGC\LAB2\DEBUG\ENEMY1.OBJ
C:\USERS\ALEX\DESKTOP\DITU_ALEXANDRU_333_CA_TEMA1\DITU ALEXANDRU TEMA 1 EGC\LAB2\DEBUG\ENEMY2.OBJ
C:\USERS\ALEX\DESKTOP\DITU_ALEXANDRU_333_CA_TEMA1\DITU ALEXANDRU TEMA 1 EGC\LAB2\DEBUG\ENEMY3.OBJ
C:\USERS\ALEX\DESKTOP\DITU_ALEXANDRU_333_CA_TEMA1\DITU ALEXANDRU TEMA 1 EGC\LAB2\DEBUG\GENERICENEMY.OBJ
C:\USERS\ALEX\DESKTOP\DITU_ALEXANDRU_333_CA_TEMA1\DITU ALEXANDRU TEMA 1 EGC\LAB2\DEBUG\PLAYER.OBJ
C:\USERS\ALEX\DESKTOP\DITU_ALEXANDRU_333_CA_TEMA1\DITU ALEXANDRU TEMA 1 EGC\LAB2\DEBUG\DRAWINGWINDOW.OBJ
C:\USERS\ALEX\DESKTOP\DITU_ALEXANDRU_333_CA_TEMA1\DITU ALEXANDRU TEMA 1 EGC\LAB2\DEBUG\TRANSFORM2D.OBJ
C:\USERS\ALEX\DESKTOP\DITU_ALEXANDRU_333_CA_TEMA1\DITU ALEXANDRU TEMA 1 EGC\LAB2\DEBUG\TRANSFORM3D.OBJ
C:\USERS\ALEX\DESKTOP\DITU_ALEXANDRU_333_CA_TEMA1\DITU ALEXANDRU TEMA 1 EGC\LAB2\DEBUG\VISUAL2D.OBJ
C:\USERS\ALEX\DESKTOP\DITU_ALEXANDRU_333_CA_TEMA1\DITU ALEXANDRU TEMA 1 EGC\LAB2\DEBUG\MAIN.OBJ
C:\USERS\ALEX\DESKTOP\DITU_ALEXANDRU_333_CA_TEMA1\DITU ALEXANDRU TEMA 1 EGC\LAB2\DEBUG\VC110.PDB
C:\USERS\ALEX\DESKTOP\DITU_ALEXANDRU_333_CA_TEMA1\DITU ALEXANDRU TEMA 1 EGC\DEBUG\LAB2.ILK
C:\USERS\ALEX\DESKTOP\DITU_ALEXANDRU_333_CA_TEMA1\DITU ALEXANDRU TEMA 1 EGC\DEBUG\LAB2.EXE
C:\USERS\ALEX\DESKTOP\DITU_ALEXANDRU_333_CA_TEMA1\DITU ALEXANDRU TEMA 1 EGC\DEBUG\LAB2.PDB
C:\Users\Alex\Desktop\Ditu_Alexandru_333_CA_Tema1\Ditu Alexandru Tema 1 EGC\lab2\Debug\Bullet.obj
C:\Users\Alex\Desktop\Ditu_Alexandru_333_CA_Tema1\Ditu Alexandru Tema 1 EGC\lab2\Debug\Collision.obj
C:\Users\Alex\Desktop\Ditu_Alexandru_333_CA_Tema1\Ditu Alexandru Tema 1 EGC\lab2\Debug\DrawingWindow.obj
C:\Users\Alex\Desktop\Ditu_Alexandru_333_CA_Tema1\Ditu Alexandru Tema 1 EGC\lab2\Debug\Enemy1.obj
C:\Users\Alex\Desktop\Ditu_Alexandru_333_CA_Tema1\Ditu Alexandru Tema 1 EGC\lab2\Debug\Enemy2.obj
C:\Users\Alex\Desktop\Ditu_Alexandru_333_CA_Tema1\Ditu Alexandru Tema 1 EGC\lab2\Debug\Enemy3.obj
C:\Users\Alex\Desktop\Ditu_Alexandru_333_CA_Tema1\Ditu Alexandru Tema 1 EGC\lab2\Debug\GenericEnemy.obj
C:\Users\Alex\Desktop\Ditu_Alexandru_333_CA_Tema1\Ditu Alexandru Tema 1 EGC\lab2\Debug\main.obj
C:\Users\Alex\Desktop\Ditu_Alexandru_333_CA_Tema1\Ditu Alexandru Tema 1 EGC\lab2\Debug\Player.obj
C:\Users\Alex\Desktop\Ditu_Alexandru_333_CA_Tema1\Ditu Alexandru Tema 1 EGC\lab2\Debug\Transform2D.obj
C:\Users\Alex\Desktop\Ditu_Alexandru_333_CA_Tema1\Ditu Alexandru Tema 1 EGC\lab2\Debug\Transform3D.obj
C:\Users\Alex\Desktop\Ditu_Alexandru_333_CA_Tema1\Ditu Alexandru Tema 1 EGC\lab2\Debug\Visual2D.obj
C:\Users\Alex\Desktop\Ditu_Alexandru_333_CA_Tema1\Ditu Alexandru Tema 1 EGC\lab2\Debug\cl.command.1.tlog
C:\Users\Alex\Desktop\Ditu_Alexandru_333_CA_Tema1\Ditu Alexandru Tema 1 EGC\lab2\Debug\CL.read.1.tlog
C:\Users\Alex\Desktop\Ditu_Alexandru_333_CA_Tema1\Ditu Alexandru Tema 1 EGC\lab2\Debug\CL.write.1.tlog
C:\Users\Alex\Desktop\Ditu_Alexandru_333_CA_Tema1\Ditu Alexandru Tema 1 EGC\lab2\Debug\link-cvtres.read.1.tlog
C:\Users\Alex\Desktop\Ditu_Alexandru_333_CA_Tema1\Ditu Alexandru Tema 1 EGC\lab2\Debug\link-cvtres.write.1.tlog
C:\Users\Alex\Desktop\Ditu_Alexandru_333_CA_Tema1\Ditu Alexandru Tema 1 EGC\lab2\Debug\link-rc.read.1.tlog
C:\Users\Alex\Desktop\Ditu_Alexandru_333_CA_Tema1\Ditu Alexandru Tema 1 EGC\lab2\Debug\link-rc.write.1.tlog
C:\Users\Alex\Desktop\Ditu_Alexandru_333_CA_Tema1\Ditu Alexandru Tema 1 EGC\lab2\Debug\link.command.1.tlog
C:\Users\Alex\Desktop\Ditu_Alexandru_333_CA_Tema1\Ditu Alexandru Tema 1 EGC\lab2\Debug\link.read.1.tlog
C:\Users\Alex\Desktop\Ditu_Alexandru_333_CA_Tema1\Ditu Alexandru Tema 1 EGC\lab2\Debug\link.write.1.tlog
C:\Users\Alex\Desktop\Ditu_Alexandru_333_CA_Tema1\Ditu Alexandru Tema 1 EGC\lab2\Debug\vc110.idb
C:\Users\Alex\Desktop\Ditu_Alexandru_333_CA_Tema1\Ditu Alexandru Tema 1 EGC\lab2\Debug\vc110.pdb
C:\Users\Alex\Desktop\Ditu_Alexandru_333_CA_Tema1\Ditu Alexandru Tema 1 EGC\Debug\lab2.pdb
C:\Users\Alex\Desktop\Ditu_Alexandru_333_CA_Tema1\Ditu Alexandru Tema 1 EGC\Debug\lab2.exe
C:\Users\Alex\Desktop\Ditu_Alexandru_333_CA_Tema1\Ditu Alexandru Tema 1 EGC\Debug\lab2.ilk
